Symlinking /media/zpr/5aa7062e-a1a2-4b29-85cb-5756318d57ee/Udacity/Self-driving_car_ND-T3-P3-System_integration-Capstone/ros/devel/share/common-lisp/ros/styx_msgs/msg/styx_msgs-msg.asd
Symlinking /media/zpr/5aa7062e-a1a2-4b29-85cb-5756318d57ee/Udacity/Self-driving_car_ND-T3-P3-System_integration-Capstone/ros/devel/share/common-lisp/ros/styx_msgs/msg/_package_Lane.lisp
Symlinking /media/zpr/5aa7062e-a1a2-4b29-85cb-5756318d57ee/Udacity/Self-driving_car_ND-T3-P3-System_integration-Capstone/ros/devel/share/common-lisp/ros/styx_msgs/msg/_package_TrafficLightArray.lisp
Symlinking /media/zpr/5aa7062e-a1a2-4b29-85cb-5756318d57ee/Udacity/Self-driving_car_ND-T3-P3-System_integration-Capstone/ros/devel/share/common-lisp/ros/styx_msgs/msg/Waypoint.lisp
Symlinking /media/zpr/5aa7062e-a1a2-4b29-85cb-5756318d57ee/Udacity/Self-driving_car_ND-T3-P3-System_integration-Capstone/ros/devel/share/common-lisp/ros/styx_msgs/msg/TrafficLight.lisp
Symlinking /media/zpr/5aa7062e-a1a2-4b29-85cb-5756318d57ee/Udacity/Self-driving_car_ND-T3-P3-System_integration-Capstone/ros/devel/share/common-lisp/ros/styx_msgs/msg/_package.lisp
Symlinking /media/zpr/5aa7062e-a1a2-4b29-85cb-5756318d57ee/Udacity/Self-driving_car_ND-T3-P3-System_integration-Capstone/ros/devel/share/common-lisp/ros/styx_msgs/msg/Lane.lisp
Symlinking /media/zpr/5aa7062e-a1a2-4b29-85cb-5756318d57ee/Udacity/Self-driving_car_ND-T3-P3-System_integration-Capstone/ros/devel/share/common-lisp/ros/styx_msgs/msg/_package_Waypoint.lisp
Symlinking /media/zpr/5aa7062e-a1a2-4b29-85cb-5756318d57ee/Udacity/Self-driving_car_ND-T3-P3-System_integration-Capstone/ros/devel/share/common-lisp/ros/styx_msgs/msg/TrafficLightArray.lisp
Symlinking /media/zpr/5aa7062e-a1a2-4b29-85cb-5756318d57ee/Udacity/Self-driving_car_ND-T3-P3-System_integration-Capstone/ros/devel/share/common-lisp/ros/styx_msgs/msg/_package_TrafficLight.lisp
Symlinking /media/zpr/5aa7062e-a1a2-4b29-85cb-5756318d57ee/Udacity/Self-driving_car_ND-T3-P3-System_integration-Capstone/ros/devel/share/styx_msgs/cmake/styx_msgsConfig.cmake
Symlinking /media/zpr/5aa7062e-a1a2-4b29-85cb-5756318d57ee/Udacity/Self-driving_car_ND-T3-P3-System_integration-Capstone/ros/devel/share/styx_msgs/cmake/styx_msgsConfig-version.cmake
Symlinking /media/zpr/5aa7062e-a1a2-4b29-85cb-5756318d57ee/Udacity/Self-driving_car_ND-T3-P3-System_integration-Capstone/ros/devel/share/styx_msgs/cmake/styx_msgs-msg-extras.cmake
Symlinking /media/zpr/5aa7062e-a1a2-4b29-85cb-5756318d57ee/Udacity/Self-driving_car_ND-T3-P3-System_integration-Capstone/ros/devel/share/styx_msgs/cmake/styx_msgs-msg-paths.cmake
Symlinking /media/zpr/5aa7062e-a1a2-4b29-85cb-5756318d57ee/Udacity/Self-driving_car_ND-T3-P3-System_integration-Capstone/ros/devel/share/gennodejs/ros/styx_msgs/_index.js
Symlinking /media/zpr/5aa7062e-a1a2-4b29-85cb-5756318d57ee/Udacity/Self-driving_car_ND-T3-P3-System_integration-Capstone/ros/devel/share/gennodejs/ros/styx_msgs/msg/Waypoint.js
Symlinking /media/zpr/5aa7062e-a1a2-4b29-85cb-5756318d57ee/Udacity/Self-driving_car_ND-T3-P3-System_integration-Capstone/ros/devel/share/gennodejs/ros/styx_msgs/msg/_index.js
Symlinking /media/zpr/5aa7062e-a1a2-4b29-85cb-5756318d57ee/Udacity/Self-driving_car_ND-T3-P3-System_integration-Capstone/ros/devel/share/gennodejs/ros/styx_msgs/msg/Lane.js
Symlinking /media/zpr/5aa7062e-a1a2-4b29-85cb-5756318d57ee/Udacity/Self-driving_car_ND-T3-P3-System_integration-Capstone/ros/devel/share/gennodejs/ros/styx_msgs/msg/TrafficLightArray.js
Symlinking /media/zpr/5aa7062e-a1a2-4b29-85cb-5756318d57ee/Udacity/Self-driving_car_ND-T3-P3-System_integration-Capstone/ros/devel/share/gennodejs/ros/styx_msgs/msg/TrafficLight.js
Symlinking /media/zpr/5aa7062e-a1a2-4b29-85cb-5756318d57ee/Udacity/Self-driving_car_ND-T3-P3-System_integration-Capstone/ros/devel/share/roseus/ros/styx_msgs/manifest.l
Symlinking /media/zpr/5aa7062e-a1a2-4b29-85cb-5756318d57ee/Udacity/Self-driving_car_ND-T3-P3-System_integration-Capstone/ros/devel/share/roseus/ros/styx_msgs/msg/TrafficLightArray.l
Symlinking /media/zpr/5aa7062e-a1a2-4b29-85cb-5756318d57ee/Udacity/Self-driving_car_ND-T3-P3-System_integration-Capstone/ros/devel/share/roseus/ros/styx_msgs/msg/Waypoint.l
Symlinking /media/zpr/5aa7062e-a1a2-4b29-85cb-5756318d57ee/Udacity/Self-driving_car_ND-T3-P3-System_integration-Capstone/ros/devel/share/roseus/ros/styx_msgs/msg/TrafficLight.l
Symlinking /media/zpr/5aa7062e-a1a2-4b29-85cb-5756318d57ee/Udacity/Self-driving_car_ND-T3-P3-System_integration-Capstone/ros/devel/share/roseus/ros/styx_msgs/msg/Lane.l
Symlinking /media/zpr/5aa7062e-a1a2-4b29-85cb-5756318d57ee/Udacity/Self-driving_car_ND-T3-P3-System_integration-Capstone/ros/devel/include/styx_msgs/TrafficLight.h
Symlinking /media/zpr/5aa7062e-a1a2-4b29-85cb-5756318d57ee/Udacity/Self-driving_car_ND-T3-P3-System_integration-Capstone/ros/devel/include/styx_msgs/TrafficLightArray.h
Symlinking /media/zpr/5aa7062e-a1a2-4b29-85cb-5756318d57ee/Udacity/Self-driving_car_ND-T3-P3-System_integration-Capstone/ros/devel/include/styx_msgs/Lane.h
Symlinking /media/zpr/5aa7062e-a1a2-4b29-85cb-5756318d57ee/Udacity/Self-driving_car_ND-T3-P3-System_integration-Capstone/ros/devel/include/styx_msgs/Waypoint.h
Symlinking /media/zpr/5aa7062e-a1a2-4b29-85cb-5756318d57ee/Udacity/Self-driving_car_ND-T3-P3-System_integration-Capstone/ros/devel/lib/python2.7/dist-packages/styx_msgs/__init__.py
Symlinking /media/zpr/5aa7062e-a1a2-4b29-85cb-5756318d57ee/Udacity/Self-driving_car_ND-T3-P3-System_integration-Capstone/ros/devel/lib/python2.7/dist-packages/styx_msgs/msg/_Lane.py
Symlinking /media/zpr/5aa7062e-a1a2-4b29-85cb-5756318d57ee/Udacity/Self-driving_car_ND-T3-P3-System_integration-Capstone/ros/devel/lib/python2.7/dist-packages/styx_msgs/msg/__init__.py
Symlinking /media/zpr/5aa7062e-a1a2-4b29-85cb-5756318d57ee/Udacity/Self-driving_car_ND-T3-P3-System_integration-Capstone/ros/devel/lib/python2.7/dist-packages/styx_msgs/msg/_TrafficLight.py
Symlinking /media/zpr/5aa7062e-a1a2-4b29-85cb-5756318d57ee/Udacity/Self-driving_car_ND-T3-P3-System_integration-Capstone/ros/devel/lib/python2.7/dist-packages/styx_msgs/msg/_TrafficLightArray.py
Symlinking /media/zpr/5aa7062e-a1a2-4b29-85cb-5756318d57ee/Udacity/Self-driving_car_ND-T3-P3-System_integration-Capstone/ros/devel/lib/python2.7/dist-packages/styx_msgs/msg/_Waypoint.py
Symlinking /media/zpr/5aa7062e-a1a2-4b29-85cb-5756318d57ee/Udacity/Self-driving_car_ND-T3-P3-System_integration-Capstone/ros/devel/lib/pkgconfig/styx_msgs.pc
