[35m[1mScanning dependencies of target _styx_msgs_generate_messages_check_deps_TrafficLightArray[0m
[35m[1mScanning dependencies of target std_msgs_generate_messages_nodejs[0m
[35m[1mScanning dependencies of target sensor_msgs_generate_messages_nodejs[0m
[35m[1mScanning dependencies of target geometry_msgs_generate_messages_nodejs[0m
[  0%] Built target std_msgs_generate_messages_nodejs
[  0%] Built target geometry_msgs_generate_messages_nodejs
[  0%] Built target sensor_msgs_generate_messages_nodejs
[35m[1mScanning dependencies of target _styx_msgs_generate_messages_check_deps_Waypoint[0m
[35m[1mScanning dependencies of target _styx_msgs_generate_messages_check_deps_Lane[0m
[35m[1mScanning dependencies of target _styx_msgs_generate_messages_check_deps_TrafficLight[0m
[  0%] Built target _styx_msgs_generate_messages_check_deps_TrafficLightArray
[35m[1mScanning dependencies of target std_msgs_generate_messages_py[0m
[  0%] Built target _styx_msgs_generate_messages_check_deps_Lane
[  0%] Built target _styx_msgs_generate_messages_check_deps_Waypoint
[  0%] Built target _styx_msgs_generate_messages_check_deps_TrafficLight
[  0%] Built target std_msgs_generate_messages_py
[35m[1mScanning dependencies of target sensor_msgs_generate_messages_py[0m
[35m[1mScanning dependencies of target geometry_msgs_generate_messages_py[0m
[35m[1mScanning dependencies of target std_msgs_generate_messages_lisp[0m
[35m[1mScanning dependencies of target geometry_msgs_generate_messages_lisp[0m
[  0%] Built target sensor_msgs_generate_messages_py
[  0%] Built target geometry_msgs_generate_messages_py
[  0%] Built target std_msgs_generate_messages_lisp
[  0%] Built target geometry_msgs_generate_messages_lisp
[35m[1mScanning dependencies of target sensor_msgs_generate_messages_lisp[0m
[35m[1mScanning dependencies of target std_msgs_generate_messages_eus[0m
[35m[1mScanning dependencies of target sensor_msgs_generate_messages_eus[0m
[35m[1mScanning dependencies of target geometry_msgs_generate_messages_eus[0m
[  0%] Built target sensor_msgs_generate_messages_lisp
[  0%] Built target std_msgs_generate_messages_eus
[  0%] Built target geometry_msgs_generate_messages_eus
[  0%] Built target sensor_msgs_generate_messages_eus
[35m[1mScanning dependencies of target geometry_msgs_generate_messages_cpp[0m
[35m[1mScanning dependencies of target sensor_msgs_generate_messages_cpp[0m
[35m[1mScanning dependencies of target std_msgs_generate_messages_cpp[0m
[  0%] Built target geometry_msgs_generate_messages_cpp
[  0%] Built target sensor_msgs_generate_messages_cpp
[  0%] Built target std_msgs_generate_messages_cpp
[35m[1mScanning dependencies of target styx_msgs_generate_messages_py[0m
[35m[1mScanning dependencies of target styx_msgs_generate_messages_nodejs[0m
[35m[1mScanning dependencies of target styx_msgs_generate_messages_lisp[0m
[35m[1mScanning dependencies of target styx_msgs_generate_messages_eus[0m
[  4%] [34m[1mGenerating Javascript code from styx_msgs/Lane.msg[0m
[  9%] [34m[1mGenerating Python from MSG styx_msgs/Lane[0m
[ 13%] [34m[1mGenerating EusLisp code from styx_msgs/Lane.msg[0m
[ 18%] [34m[1mGenerating Lisp code from styx_msgs/Lane.msg[0m
[ 22%] [34m[1mGenerating Javascript code from styx_msgs/TrafficLight.msg[0m
[ 27%] [34m[1mGenerating Lisp code from styx_msgs/TrafficLight.msg[0m
[ 31%] [34m[1mGenerating EusLisp code from styx_msgs/TrafficLight.msg[0m
[ 36%] [34m[1mGenerating Python from MSG styx_msgs/TrafficLight[0m
[ 40%] [34m[1mGenerating Javascript code from styx_msgs/Waypoint.msg[0m
[ 45%] [34m[1mGenerating Lisp code from styx_msgs/Waypoint.msg[0m
[ 50%] [34m[1mGenerating EusLisp code from styx_msgs/Waypoint.msg[0m
[ 54%] [34m[1mGenerating Javascript code from styx_msgs/TrafficLightArray.msg[0m
[ 59%] [34m[1mGenerating Lisp code from styx_msgs/TrafficLightArray.msg[0m
[ 63%] [34m[1mGenerating EusLisp code from styx_msgs/TrafficLightArray.msg[0m
[ 68%] [34m[1mGenerating Python from MSG styx_msgs/Waypoint[0m
[ 68%] Built target styx_msgs_generate_messages_nodejs
[ 68%] Built target styx_msgs_generate_messages_lisp
[35m[1mScanning dependencies of target styx_msgs_generate_messages_cpp[0m
[ 72%] [34m[1mGenerating EusLisp manifest code for styx_msgs[0m
[ 77%] [34m[1mGenerating C++ code from styx_msgs/Lane.msg[0m
[ 81%] [34m[1mGenerating C++ code from styx_msgs/TrafficLight.msg[0m
[ 86%] [34m[1mGenerating Python from MSG styx_msgs/TrafficLightArray[0m
[ 90%] [34m[1mGenerating Python msg __init__.py for styx_msgs[0m
[ 95%] [34m[1mGenerating C++ code from styx_msgs/TrafficLightArray.msg[0m
[100%] [34m[1mGenerating C++ code from styx_msgs/Waypoint.msg[0m
[100%] Built target styx_msgs_generate_messages_py
[100%] Built target styx_msgs_generate_messages_cpp
[100%] Built target styx_msgs_generate_messages_eus
[35m[1mScanning dependencies of target styx_msgs_generate_messages[0m
[100%] Built target styx_msgs_generate_messages
