Not searching for unused variables given on the command line.
[36m--[0m The C compiler identification is GNU 5.4.1
[36m--[0m The CXX compiler identification is GNU 5.4.1
[36m--[0m Check for working C compiler: /usr/bin/cc
[36m--[0m Check for working C compiler: /usr/bin/cc -- works
[36m--[0m Detecting C compiler ABI info
[36m--[0m Detecting C compiler ABI info - done
[36m--[0m Detecting C compile features
[36m--[0m Detecting C compile features - done
[36m--[0m Check for working CXX compiler: /usr/bin/c++
[36m--[0m Check for working CXX compiler: /usr/bin/c++ -- works
[36m--[0m Detecting CXX compiler ABI info
[36m--[0m Detecting CXX compiler ABI info - done
[36m--[0m Detecting CXX compile features
[36m--[0m Detecting CXX compile features - done
[36m--[0m Using CATKIN_DEVEL_PREFIX: /media/zpr/5aa7062e-a1a2-4b29-85cb-5756318d57ee/Udacity/Self-driving_car_ND-T3-P3-System_integration-Capstone/ros/devel/.private/twist_controller
[36m--[0m Using CMAKE_PREFIX_PATH: /media/zpr/5aa7062e-a1a2-4b29-85cb-5756318d57ee/Udacity/Self-driving_car_ND-T3-P3-System_integration-Capstone/ros/devel;/opt/ros/kinetic
[36m--[0m This workspace overlays: /media/zpr/5aa7062e-a1a2-4b29-85cb-5756318d57ee/Udacity/Self-driving_car_ND-T3-P3-System_integration-Capstone/ros/devel;/opt/ros/kinetic
[36m--[0m Found PythonInterp: /usr/bin/python (found version "2.7.12")
[36m--[0m Using PYTHON_EXECUTABLE: /usr/bin/python
[36m--[0m Using Debian Python package layout
[36m--[0m Using empy: /usr/bin/empy
[36m--[0m Using CATKIN_ENABLE_TESTING: ON
[36m--[0m Call enable_testing()
[36m--[0m Using CATKIN_TEST_RESULTS_DIR: /media/zpr/5aa7062e-a1a2-4b29-85cb-5756318d57ee/Udacity/Self-driving_car_ND-T3-P3-System_integration-Capstone/ros/build/twist_controller/test_results
[36m--[0m Found gtest: gtests will be built
[36m--[0m Using Python nosetests: /home/zpr/.local/bin/nosetests-2.7
[36m--[0m catkin 0.7.11
[33m[1mCMake Warning[0m at /opt/ros/kinetic/share/catkin/cmake/catkinConfig.cmake:76 (find_package):
  Could not find a package configuration file provided by "styx_msgs" with
  any of the following names:

    styx_msgsConfig.cmake
    styx_msgs-config.cmake

  Add the installation prefix of "styx_msgs" to CMAKE_PREFIX_PATH or set
  "styx_msgs_DIR" to a directory containing one of the above files.  If
  "styx_msgs" provides a separate development package or SDK, be sure it has
  been installed.
[36mCall Stack (most recent call first):[0m
  CMakeLists.txt:10 (find_package)


[31m[1mCMake Error[0m at /opt/ros/kinetic/share/catkin/cmake/catkinConfig.cmake:83 (find_package):
  Could not find a package configuration file provided by "styx_msgs" with
  any of the following names:

    styx_msgsConfig.cmake
    styx_msgs-config.cmake

  Add the installation prefix of "styx_msgs" to CMAKE_PREFIX_PATH or set
  "styx_msgs_DIR" to a directory containing one of the above files.  If
  "styx_msgs" provides a separate development package or SDK, be sure it has
  been installed.
[36mCall Stack (most recent call first):[0m
  CMakeLists.txt:10 (find_package)


[36m--[0m Could not find the required component 'styx_msgs'. The following CMake error indicates that you either need to install the package with the same name or change your environment so that it can be found.
[36m--[0m Configuring incomplete, errors occurred!
See also "/media/zpr/5aa7062e-a1a2-4b29-85cb-5756318d57ee/Udacity/Self-driving_car_ND-T3-P3-System_integration-Capstone/ros/build/twist_controller/CMakeFiles/CMakeOutput.log".
See also "/media/zpr/5aa7062e-a1a2-4b29-85cb-5756318d57ee/Udacity/Self-driving_car_ND-T3-P3-System_integration-Capstone/ros/build/twist_controller/CMakeFiles/CMakeError.log".
